2025-12-11 12:37:57,648 - app.main - INFO - Root endpoint accessed
2025-12-11 12:47:23,570 - app.core.connection - ERROR - PostgreSQL connection failed: connection to server at "localhost" (127.0.0.1), port 5434 failed: Connection refused
	Is the server running on that host and accepting TCP/IP connections?

2025-12-11 12:47:23,570 - app.core.connection - INFO - Retrying in 5 seconds... (Attempt 1/5)
2025-12-11 12:47:28,571 - app.core.connection - ERROR - PostgreSQL connection failed: connection to server at "localhost" (127.0.0.1), port 5434 failed: Connection refused
	Is the server running on that host and accepting TCP/IP connections?

2025-12-11 12:47:28,571 - app.core.connection - INFO - Retrying in 5 seconds... (Attempt 2/5)
2025-12-11 12:47:33,572 - app.core.connection - ERROR - PostgreSQL connection failed: connection to server at "localhost" (127.0.0.1), port 5434 failed: Connection refused
	Is the server running on that host and accepting TCP/IP connections?

2025-12-11 12:47:33,572 - app.core.connection - INFO - Retrying in 5 seconds... (Attempt 3/5)
2025-12-11 12:47:38,573 - app.core.connection - ERROR - PostgreSQL connection failed: connection to server at "localhost" (127.0.0.1), port 5434 failed: Connection refused
	Is the server running on that host and accepting TCP/IP connections?

2025-12-11 12:47:38,573 - app.core.connection - INFO - Retrying in 5 seconds... (Attempt 4/5)
2025-12-11 12:47:43,574 - app.core.connection - ERROR - PostgreSQL connection failed: connection to server at "localhost" (127.0.0.1), port 5434 failed: Connection refused
	Is the server running on that host and accepting TCP/IP connections?

2025-12-11 12:47:43,574 - app.core.connection - INFO - Retrying in 5 seconds... (Attempt 5/5)
2025-12-11 12:47:48,575 - app.main - CRITICAL - Failed to establish PostgreSQL connection: Max retries exceeded for PostgreSQL connection
2025-12-11 12:48:22,733 - app.main - INFO - PostgreSQL connection established successfully
2025-12-11 12:49:38,108 - app.main - INFO - PostgreSQL connection established successfully
2025-12-11 12:49:46,222 - app.main - INFO - PostgreSQL connection established successfully
2025-12-11 12:50:13,100 - app.main - INFO - PostgreSQL connection established successfully
2025-12-11 12:50:13,796 - app.main - INFO - PostgreSQL connection established successfully
2025-12-11 12:50:54,395 - app.main - INFO - PostgreSQL connection established successfully
2025-12-11 12:51:11,655 - app.main - INFO - PostgreSQL connection established successfully
2025-12-11 12:51:12,747 - app.main - INFO - PostgreSQL connection established successfully
2025-12-11 12:51:21,264 - app.main - INFO - PostgreSQL connection established successfully
2025-12-11 12:51:23,146 - app.main - INFO - PostgreSQL connection established successfully
2025-12-11 12:51:25,559 - app.main - INFO - PostgreSQL connection established successfully
2025-12-11 12:51:30,078 - app.main - INFO - PostgreSQL connection established successfully
2025-12-11 12:51:50,057 - app.core.connection - ERROR - PostgreSQL connection failed: name 'CREATE_USERS_TABLE_QUERY' is not defined
2025-12-11 12:51:50,058 - app.core.connection - INFO - Retrying in 5 seconds... (Attempt 1/5)
2025-12-11 12:51:55,069 - app.core.connection - ERROR - PostgreSQL connection failed: name 'CREATE_USERS_TABLE_QUERY' is not defined
2025-12-11 12:51:55,069 - app.core.connection - INFO - Retrying in 5 seconds... (Attempt 2/5)
2025-12-11 12:52:00,083 - app.core.connection - ERROR - PostgreSQL connection failed: name 'CREATE_USERS_TABLE_QUERY' is not defined
2025-12-11 12:52:00,083 - app.core.connection - INFO - Retrying in 5 seconds... (Attempt 3/5)
2025-12-11 12:52:05,095 - app.core.connection - ERROR - PostgreSQL connection failed: name 'CREATE_USERS_TABLE_QUERY' is not defined
2025-12-11 12:52:05,095 - app.core.connection - INFO - Retrying in 5 seconds... (Attempt 4/5)
2025-12-11 12:52:10,113 - app.core.connection - ERROR - PostgreSQL connection failed: name 'CREATE_USERS_TABLE_QUERY' is not defined
2025-12-11 12:52:10,113 - app.core.connection - INFO - Retrying in 5 seconds... (Attempt 5/5)
2025-12-11 12:52:15,114 - app.main - CRITICAL - Failed to establish PostgreSQL connection: Max retries exceeded for PostgreSQL connection
2025-12-11 12:52:15,818 - app.main - CRITICAL - Failed to establish PostgreSQL connection: name 'CREATE_TRANSA' is not defined
2025-12-11 12:52:16,452 - app.main - CRITICAL - Failed to establish PostgreSQL connection: name 'CREATE_TRANSA' is not defined
2025-12-11 12:52:39,286 - app.main - INFO - PostgreSQL connection established successfully
2025-12-11 12:53:32,947 - app.main - INFO - PostgreSQL connection established successfully
2025-12-11 12:53:39,570 - app.main - INFO - PostgreSQL connection established successfully
2025-12-11 12:53:40,960 - app.main - INFO - PostgreSQL connection established successfully
2025-12-11 12:53:46,337 - app.main - INFO - PostgreSQL connection established successfully
2025-12-11 12:53:49,093 - app.main - INFO - PostgreSQL connection established successfully
2025-12-11 12:53:50,981 - app.main - INFO - PostgreSQL connection established successfully
2025-12-11 12:53:55,898 - app.main - INFO - PostgreSQL connection established successfully
2025-12-11 12:53:57,660 - app.main - INFO - PostgreSQL connection established successfully
2025-12-11 12:54:06,691 - app.main - INFO - PostgreSQL connection established successfully
2025-12-11 12:54:08,170 - app.main - INFO - PostgreSQL connection established successfully
2025-12-11 12:54:12,422 - app.main - INFO - PostgreSQL connection established successfully
2025-12-11 12:54:13,659 - app.main - INFO - PostgreSQL connection established successfully
2025-12-11 12:54:15,463 - app.main - INFO - PostgreSQL connection established successfully
2025-12-11 12:54:34,944 - app.main - INFO - PostgreSQL connection established successfully
2025-12-11 12:54:36,480 - app.main - INFO - PostgreSQL connection established successfully
2025-12-11 12:54:51,769 - app.main - INFO - PostgreSQL connection established successfully
2025-12-11 12:55:38,864 - app.main - INFO - PostgreSQL connection established successfully
2025-12-11 12:55:43,127 - app.main - INFO - PostgreSQL connection established successfully
2025-12-11 12:55:44,203 - app.main - INFO - PostgreSQL connection established successfully
2025-12-11 12:55:46,242 - app.main - INFO - PostgreSQL connection established successfully
2025-12-11 12:55:47,272 - app.main - INFO - PostgreSQL connection established successfully
2025-12-11 12:55:57,222 - app.main - INFO - PostgreSQL connection established successfully
2025-12-11 12:56:05,886 - app.main - INFO - PostgreSQL connection established successfully
2025-12-11 12:56:07,364 - app.main - INFO - PostgreSQL connection established successfully
2025-12-11 12:56:08,576 - app.main - INFO - PostgreSQL connection established successfully
2025-12-11 12:56:16,050 - app.main - INFO - PostgreSQL connection established successfully
2025-12-11 12:56:18,652 - app.main - INFO - PostgreSQL connection established successfully
2025-12-11 12:56:19,771 - app.main - INFO - PostgreSQL connection established successfully
2025-12-11 12:56:21,679 - app.main - INFO - PostgreSQL connection established successfully
2025-12-11 12:56:24,800 - app.main - INFO - PostgreSQL connection established successfully
2025-12-11 12:56:26,706 - app.main - INFO - PostgreSQL connection established successfully
2025-12-11 12:56:36,632 - app.main - INFO - PostgreSQL connection established successfully
2025-12-11 12:56:49,646 - app.main - INFO - PostgreSQL connection established successfully
2025-12-11 12:56:56,577 - app.main - INFO - PostgreSQL connection established successfully
2025-12-11 12:56:59,799 - app.main - INFO - PostgreSQL connection established successfully
2025-12-11 12:57:01,620 - app.main - INFO - PostgreSQL connection established successfully
2025-12-11 12:57:04,460 - app.main - INFO - PostgreSQL connection established successfully
2025-12-11 12:57:07,845 - app.main - INFO - PostgreSQL connection established successfully
2025-12-11 12:57:15,873 - app.main - INFO - PostgreSQL connection established successfully
2025-12-11 12:57:22,901 - app.main - INFO - PostgreSQL connection established successfully
2025-12-11 12:57:29,318 - app.main - INFO - PostgreSQL connection established successfully
2025-12-11 12:57:30,374 - app.main - INFO - PostgreSQL connection established successfully
2025-12-11 12:57:34,171 - app.main - INFO - PostgreSQL connection established successfully
2025-12-11 12:57:35,444 - app.main - INFO - PostgreSQL connection established successfully
2025-12-11 12:57:36,441 - app.main - INFO - PostgreSQL connection established successfully
2025-12-11 12:57:39,557 - app.main - INFO - PostgreSQL connection established successfully
2025-12-11 12:57:44,490 - app.main - INFO - PostgreSQL connection established successfully
2025-12-11 12:57:48,690 - app.main - INFO - PostgreSQL connection established successfully
2025-12-11 12:57:51,881 - app.main - INFO - PostgreSQL connection established successfully
2025-12-11 12:57:54,687 - app.main - INFO - PostgreSQL connection established successfully
2025-12-11 12:58:00,347 - app.main - INFO - PostgreSQL connection established successfully
2025-12-11 12:58:20,378 - app.main - INFO - PostgreSQL connection established successfully
2025-12-11 12:58:24,174 - app.main - INFO - PostgreSQL connection established successfully
2025-12-11 12:58:28,300 - app.main - INFO - PostgreSQL connection established successfully
2025-12-11 12:58:31,519 - app.main - INFO - PostgreSQL connection established successfully
2025-12-11 12:58:37,219 - app.main - INFO - PostgreSQL connection established successfully
2025-12-11 12:58:40,334 - app.main - INFO - PostgreSQL connection established successfully
2025-12-11 12:58:44,953 - app.main - INFO - PostgreSQL connection established successfully
2025-12-11 12:58:47,970 - app.main - INFO - PostgreSQL connection established successfully
2025-12-11 12:58:56,520 - app.main - INFO - PostgreSQL connection established successfully
2025-12-11 12:59:02,258 - app.main - INFO - PostgreSQL connection established successfully
2025-12-11 12:59:05,629 - app.main - INFO - PostgreSQL connection established successfully
2025-12-11 13:11:22,485 - app.main - INFO - PostgreSQL connection established successfully
2025-12-11 13:11:24,370 - app.main - INFO - PostgreSQL connection established successfully
2025-12-11 13:11:33,880 - app.main - INFO - PostgreSQL connection established successfully
2025-12-11 13:11:42,389 - app.main - INFO - PostgreSQL connection established successfully
2025-12-11 13:11:46,192 - app.main - INFO - PostgreSQL connection established successfully
2025-12-11 13:11:59,053 - app.main - INFO - PostgreSQL connection established successfully
2025-12-11 13:12:04,983 - app.main - INFO - PostgreSQL connection established successfully
2025-12-11 13:12:07,385 - app.main - INFO - PostgreSQL connection established successfully
2025-12-11 13:12:09,811 - app.main - INFO - PostgreSQL connection established successfully
2025-12-11 13:12:14,020 - app.main - INFO - PostgreSQL connection established successfully
2025-12-11 13:12:19,516 - app.main - INFO - PostgreSQL connection established successfully
2025-12-11 13:12:20,951 - app.main - INFO - PostgreSQL connection established successfully
2025-12-11 13:12:33,206 - app.main - INFO - PostgreSQL connection established successfully
2025-12-11 13:12:35,428 - app.main - INFO - PostgreSQL connection established successfully
2025-12-11 13:12:37,335 - app.main - INFO - PostgreSQL connection established successfully
2025-12-11 13:12:38,553 - app.main - INFO - PostgreSQL connection established successfully
2025-12-11 13:12:46,589 - app.main - INFO - PostgreSQL connection established successfully
2025-12-11 13:12:47,738 - app.main - INFO - PostgreSQL connection established successfully
2025-12-11 13:12:53,682 - app.main - INFO - PostgreSQL connection established successfully
2025-12-11 13:12:55,115 - app.main - INFO - PostgreSQL connection established successfully
2025-12-11 13:13:02,170 - app.main - INFO - PostgreSQL connection established successfully
2025-12-11 13:13:14,901 - app.main - INFO - PostgreSQL connection established successfully
2025-12-11 13:13:20,286 - app.main - INFO - PostgreSQL connection established successfully
2025-12-11 13:13:22,529 - app.main - INFO - PostgreSQL connection established successfully
2025-12-11 13:13:26,129 - app.main - INFO - PostgreSQL connection established successfully
2025-12-11 13:13:39,581 - app.main - INFO - PostgreSQL connection established successfully
2025-12-11 13:14:02,717 - app.main - INFO - PostgreSQL connection established successfully
2025-12-11 13:14:03,810 - app.main - INFO - PostgreSQL connection established successfully
2025-12-11 13:14:16,962 - app.main - INFO - PostgreSQL connection established successfully
2025-12-11 13:14:18,478 - app.main - INFO - PostgreSQL connection established successfully
2025-12-11 13:14:19,553 - app.main - INFO - PostgreSQL connection established successfully
2025-12-11 13:14:23,600 - app.main - INFO - PostgreSQL connection established successfully
2025-12-11 13:14:24,723 - app.main - INFO - PostgreSQL connection established successfully
2025-12-11 13:14:29,765 - app.main - INFO - PostgreSQL connection established successfully
2025-12-11 13:14:45,542 - app.main - INFO - PostgreSQL connection established successfully
2025-12-11 13:14:47,865 - app.main - INFO - PostgreSQL connection established successfully
2025-12-11 13:14:49,077 - app.main - INFO - PostgreSQL connection established successfully
2025-12-11 13:14:53,532 - app.main - INFO - PostgreSQL connection established successfully
2025-12-11 13:14:54,967 - app.main - INFO - PostgreSQL connection established successfully
2025-12-11 13:14:57,278 - app.main - INFO - PostgreSQL connection established successfully
2025-12-11 13:15:01,668 - app.main - INFO - PostgreSQL connection established successfully
2025-12-11 13:18:40,029 - app.main - INFO - PostgreSQL connection established successfully
2025-12-11 13:18:42,670 - app.main - INFO - PostgreSQL connection established successfully
2025-12-11 13:18:48,206 - app.main - INFO - PostgreSQL connection established successfully
2025-12-11 13:18:49,760 - app.main - INFO - PostgreSQL connection established successfully
2025-12-11 13:18:50,852 - app.main - INFO - PostgreSQL connection established successfully
2025-12-11 13:18:53,580 - app.main - INFO - PostgreSQL connection established successfully
2025-12-11 13:18:54,693 - app.main - INFO - PostgreSQL connection established successfully
2025-12-11 13:18:59,633 - app.main - INFO - PostgreSQL connection established successfully
2025-12-11 13:19:02,735 - app.main - INFO - PostgreSQL connection established successfully
2025-12-11 13:19:06,256 - app.main - INFO - PostgreSQL connection established successfully
2025-12-11 13:19:08,910 - app.main - INFO - PostgreSQL connection established successfully
2025-12-11 13:19:12,487 - app.main - INFO - PostgreSQL connection established successfully
2025-12-11 13:19:14,316 - app.main - INFO - PostgreSQL connection established successfully
2025-12-11 13:19:17,337 - app.main - INFO - PostgreSQL connection established successfully
2025-12-11 13:19:20,078 - app.main - INFO - PostgreSQL connection established successfully
2025-12-11 13:19:21,585 - app.main - INFO - PostgreSQL connection established successfully
2025-12-11 13:19:24,283 - app.main - INFO - PostgreSQL connection established successfully
2025-12-11 13:19:41,001 - app.main - INFO - PostgreSQL connection established successfully
2025-12-11 13:19:43,299 - app.main - INFO - PostgreSQL connection established successfully
2025-12-11 13:19:45,218 - app.main - INFO - PostgreSQL connection established successfully
2025-12-11 13:20:06,016 - app.main - INFO - PostgreSQL connection established successfully
2025-12-11 13:20:07,541 - app.main - INFO - PostgreSQL connection established successfully
2025-12-11 13:20:09,529 - app.main - INFO - PostgreSQL connection established successfully
2025-12-11 13:20:10,653 - app.main - INFO - PostgreSQL connection established successfully
2025-12-11 13:20:15,080 - app.main - INFO - PostgreSQL connection established successfully
2025-12-11 13:20:16,649 - app.main - INFO - PostgreSQL connection established successfully
2025-12-11 13:20:21,964 - app.main - INFO - PostgreSQL connection established successfully
2025-12-11 13:20:25,484 - app.main - INFO - PostgreSQL connection established successfully
2025-12-11 13:20:33,016 - app.main - INFO - PostgreSQL connection established successfully
2025-12-11 13:20:39,343 - app.main - INFO - PostgreSQL connection established successfully
2025-12-11 13:20:42,457 - app.main - INFO - PostgreSQL connection established successfully
2025-12-11 13:20:59,570 - app.main - INFO - PostgreSQL connection established successfully
2025-12-11 13:21:00,971 - app.main - INFO - PostgreSQL connection established successfully
2025-12-11 13:21:03,886 - app.main - INFO - PostgreSQL connection established successfully
2025-12-11 13:21:19,243 - app.main - INFO - PostgreSQL connection established successfully
2025-12-11 13:21:20,420 - app.main - INFO - PostgreSQL connection established successfully
2025-12-11 13:21:22,606 - app.main - INFO - PostgreSQL connection established successfully
2025-12-11 13:22:10,952 - app.main - INFO - PostgreSQL connection established successfully
2025-12-11 13:22:13,152 - app.main - INFO - PostgreSQL connection established successfully
2025-12-11 13:23:33,191 - app.main - INFO - PostgreSQL connection established successfully
2025-12-11 13:23:36,267 - app.main - INFO - PostgreSQL connection established successfully
2025-12-11 13:23:40,812 - app.main - INFO - PostgreSQL connection established successfully
2025-12-11 13:23:43,142 - app.main - INFO - PostgreSQL connection established successfully
2025-12-11 13:23:45,559 - app.main - INFO - PostgreSQL connection established successfully
2025-12-11 13:23:47,456 - app.main - INFO - PostgreSQL connection established successfully
2025-12-11 13:24:13,128 - app.main - INFO - PostgreSQL connection established successfully
2025-12-11 13:24:16,567 - app.main - INFO - PostgreSQL connection established successfully
2025-12-11 13:25:41,027 - app.main - INFO - PostgreSQL connection established successfully
2025-12-11 13:25:43,570 - app.main - INFO - PostgreSQL connection established successfully
2025-12-11 13:25:44,694 - app.main - INFO - PostgreSQL connection established successfully
2025-12-11 13:26:33,780 - app.main - INFO - PostgreSQL connection established successfully
2025-12-11 13:26:38,910 - app.main - INFO - PostgreSQL connection established successfully
2025-12-11 13:26:41,994 - app.main - INFO - PostgreSQL connection established successfully
2025-12-11 13:26:44,274 - app.main - INFO - PostgreSQL connection established successfully
2025-12-11 13:26:44,734 - app.services.transaction_service - ERROR - Error debiting user 1: 500 Server Error: Internal Server Error for url: http://localhost:8002/wallet/debit
2025-12-11 13:26:44,735 - app.services.transaction_service - ERROR - Transaction tx_9e731b3a-44ae-401a-8e36-7fc55a494b73 failed during debit from user 1
2025-12-11 13:28:06,672 - app.services.transaction_service - INFO - Debited 200.0 from user 1 in transaction tx_0161901e-1e1c-47d7-aee8-a7ef73af1486
2025-12-11 13:28:06,682 - app.services.transaction_service - ERROR - Error crediting user 2: 500 Server Error: Internal Server Error for url: http://localhost:8002/wallet/credit
2025-12-11 13:28:06,682 - app.services.transaction_service - ERROR - Transaction tx_0161901e-1e1c-47d7-aee8-a7ef73af1486 failed during credit to user 2
2025-12-11 13:28:06,699 - app.services.transaction_service - INFO - Credited 200.0 to user 1 in transaction tx_0161901e-1e1c-47d7-aee8-a7ef73af1486
2025-12-11 13:35:32,579 - app.main - INFO - PostgreSQL connection established successfully
